[    0.000000] Linux version 4.15.0-142-generic (buildd@lgw01-amd64-036) (gcc version 7.5.0 (Ubuntu 7.5.0-3ubuntu1~18.04)) #146-Ubuntu SMP Tue Apr 13 01:11:19 UTC 2021 (Ubuntu 4.15.0-142.146-generic 4.15.18)
[    0.000000] Command line: BOOT_IMAGE=/boot/vmlinuz-4.15.0-142-generic root=LABEL=cloudimg-rootfs ro console=tty1 console=ttyS0
[    0.000000] KERNEL supported cpus:
[    0.000000]   Intel GenuineIntel
[    0.000000]   AMD AuthenticAMD
[    0.000000]   Centaur CentaurHauls
[    0.000000] x86/fpu: Supporting XSAVE feature 0x001: 'x87 floating point registers'
[    0.000000] x86/fpu: Supporting XSAVE feature 0x002: 'SSE registers'
[    0.000000] x86/fpu: Supporting XSAVE feature 0x004: 'AVX registers'
[    0.000000] x86/fpu: xstate_offset[2]:  576, xstate_sizes[2]:  256
[    0.000000] x86/fpu: Enabled xstate features 0x7, context size is 832 bytes, using 'standard' format.
[    0.000000] e820: BIOS-provided physical RAM map:
[    0.000000] BIOS-e820: [mem 0x0000000000000000-0x000000000009fbff] usable
[    0.000000] BIOS-e820: [mem 0x000000000009fc00-0x000000000009ffff] reserved
[    0.000000] BIOS-e820: [mem 0x00000000000f0000-0x00000000000fffff] reserved
[    0.000000] BIOS-e820: [mem 0x0000000000100000-0x000000003ffeffff] usable
[    0.000000] BIOS-e820: [mem 0x000000003fff0000-0x000000003fffffff] ACPI data
[    0.000000] BIOS-e820: [mem 0x00000000fec00000-0x00000000fec00fff] reserved
[    0.000000] BIOS-e820: [mem 0x00000000fee00000-0x00000000fee00fff] reserved
[    0.000000] BIOS-e820: [mem 0x00000000fffc0000-0x00000000ffffffff] reserved
[    0.000000] NX (Execute Disable) protection: active
[    0.000000] SMBIOS 2.5 present.
[    0.000000] DMI: innotek GmbH VirtualBox/VirtualBox, BIOS VirtualBox 12/01/2006
[    0.000000] Hypervisor detected: KVM
[    0.000000] e820: last_pfn = 0x3fff0 max_arch_pfn = 0x400000000
[    0.000000] MTRR: Disabled
[    0.000000] x86/PAT: MTRRs disabled, skipping PAT initialization too.
[    0.000000] CPU MTRRs all blank - virtualized system.
[    0.000000] x86/PAT: Configuration [0-7]: WB  WT  UC- UC  WB  WT  UC- UC  
[    0.000000] found SMP MP-table at [mem 0x0009fff0-0x0009ffff]
[    0.000000] Scanning 1 areas for low memory corruption
[    0.000000] RAMDISK: [mem 0x359cf000-0x36cdefff]
[    0.000000] ACPI: Early table checksum verification disabled
[    0.000000] ACPI: RSDP 0x00000000000E0000 000024 (v02 VBOX  )
[    0.000000] ACPI: XSDT 0x000000003FFF0030 00003C (v01 VBOX   VBOXXSDT 00000001 ASL  00000061)
[    0.000000] ACPI: FACP 0x000000003FFF00F0 0000F4 (v04 VBOX   VBOXFACP 00000001 ASL  00000061)
[    0.000000] ACPI: DSDT 0x000000003FFF0470 002325 (v02 VBOX   VBOXBIOS 00000002 INTL 20100528)
[    0.000000] ACPI: FACS 0x000000003FFF0200 000040
[    0.000000] ACPI: FACS 0x000000003FFF0200 000040
[    0.000000] ACPI: APIC 0x000000003FFF0240 000054 (v02 VBOX   VBOXAPIC 00000001 ASL  00000061)
[    0.000000] ACPI: SSDT 0x000000003FFF02A0 0001CC (v01 VBOX   VBOXCPUT 00000002 INTL 20100528)
[    0.000000] No NUMA configuration found
[    0.000000] Faking a node at [mem 0x0000000000000000-0x000000003ffeffff]
[    0.000000] NODE_DATA(0) allocated [mem 0x3ffc5000-0x3ffeffff]
[    0.000000] kvm-clock: cpu 0, msr 0:3ff44001, primary cpu clock
[    0.000000] kvm-clock: Using msrs 4b564d01 and 4b564d00
[    0.000000] kvm-clock: using sched offset of 4821204192 cycles
[    0.000000] clocksource: kvm-clock: mask: 0xffffffffffffffff max_cycles: 0x1cd42e4dffb, max_idle_ns: 881590591483 ns
[    0.000000] Zone ranges:
[    0.000000]   DMA      [mem 0x0000000000001000-0x0000000000ffffff]
[    0.000000]   DMA32    [mem 0x0000000001000000-0x000000003ffeffff]
[    0.000000]   Normal   empty
[    0.000000]   Device   empty
[    0.000000] Movable zone start for each node
[    0.000000] Early memory node ranges
[    0.000000]   node   0: [mem 0x0000000000001000-0x000000000009efff]
[    0.000000]   node   0: [mem 0x0000000000100000-0x000000003ffeffff]
[    0.000000] Reserved but unavailable: 98 pages
[    0.000000] Initmem setup node 0 [mem 0x0000000000001000-0x000000003ffeffff]
[    0.000000] ACPI: PM-Timer IO Port: 0x4008
[    0.000000] IOAPIC[0]: apic_id 1, version 32, address 0xfec00000, GSI 0-23
[    0.000000] ACPI: INT_SRC_OVR (bus 0 bus_irq 0 global_irq 2 dfl dfl)
[    0.000000] ACPI: INT_SRC_OVR (bus 0 bus_irq 9 global_irq 9 low level)
[    0.000000] Using ACPI (MADT) for SMP configuration information
[    0.000000] smpboot: Allowing 1 CPUs, 0 hotplug CPUs
[    0.000000] PM: Registered nosave memory: [mem 0x00000000-0x00000fff]
[    0.000000] PM: Registered nosave memory: [mem 0x0009f000-0x0009ffff]
[    0.000000] PM: Registered nosave memory: [mem 0x000a0000-0x000effff]
[    0.000000] PM: Registered nosave memory: [mem 0x000f0000-0x000fffff]
[    0.000000] e820: [mem 0x40000000-0xfebfffff] available for PCI devices
[    0.000000] Booting paravirtualized kernel on KVM
[    0.000000] clocksource: refined-jiffies: mask: 0xffffffff max_cycles: 0xffffffff, max_idle_ns: 7645519600211568 ns
[    0.000000] random: get_random_bytes called from start_kernel+0x99/0x500 with crng_init=0
[    0.000000] setup_percpu: NR_CPUS:8192 nr_cpumask_bits:1 nr_cpu_ids:1 nr_node_ids:1
[    0.000000] percpu: Embedded 45 pages/cpu s147456 r8192 d28672 u2097152
[    0.000000] PV qspinlock hash table entries: 256 (order: 0, 4096 bytes)
[    0.000000] Built 1 zonelists, mobility grouping on.  Total pages: 257913
[    0.000000] Policy zone: DMA32
[    0.000000] Kernel command line: BOOT_IMAGE=/boot/vmlinuz-4.15.0-142-generic root=LABEL=cloudimg-rootfs ro console=tty1 console=ttyS0
[    0.000000] Memory: 982900K/1048120K available (12300K kernel code, 2483K rwdata, 4316K rodata, 2444K init, 2724K bss, 65220K reserved, 0K cma-reserved)
[    0.000000] SLUB: HWalign=64, Order=0-3, MinObjects=0, CPUs=1, Nodes=1
[    0.000000] Kernel/User page tables isolation: enabled
[    0.000000] ftrace: allocating 39434 entries in 155 pages
[    0.004000] Hierarchical RCU implementation.
[    0.004000] 	RCU restricting CPUs from NR_CPUS=8192 to nr_cpu_ids=1.
[    0.004000] 	Tasks RCU enabled.
[    0.004000] RCU: Adjusting geometry for rcu_fanout_leaf=16, nr_cpu_ids=1
[    0.004000] NR_IRQS: 524544, nr_irqs: 256, preallocated irqs: 16
[    0.004000] Console: colour VGA+ 80x25
[    0.004000] console [tty1] enabled
[    0.004000] console [ttyS0] enabled
[    0.004000] ACPI: Core revision 20170831
[    0.004000] ACPI: 2 ACPI AML tables successfully acquired and loaded
[    0.004000] APIC: Switch to symmetric I/O mode setup
[    0.004000] x2apic enabled
[    0.004000] Switched APIC routing to physical x2apic.
[    0.007779] ..TIMER: vector=0x30 apic1=0 pin1=2 apic2=-1 pin2=-1
[    0.008005] tsc: Detected 2594.116 MHz processor
[    0.012017] Calibrating delay loop (skipped) preset value.. 5188.23 BogoMIPS (lpj=10376464)
[    0.014705] pid_max: default: 32768 minimum: 301
[    0.016079] Security Framework initialized
[    0.017429] Yama: becoming mindful.
[    0.018668] AppArmor: AppArmor initialized
[    0.021776] Dentry cache hash table entries: 131072 (order: 8, 1048576 bytes)
[    0.024133] Inode-cache hash table entries: 65536 (order: 7, 524288 bytes)
[    0.026295] Mount-cache hash table entries: 2048 (order: 2, 16384 bytes)
[    0.028009] Mountpoint-cache hash table entries: 2048 (order: 2, 16384 bytes)
[    0.032586] process: using mwait in idle threads
[    0.034098] Last level iTLB entries: 4KB 512, 2MB 8, 4MB 8
[    0.036006] Last level dTLB entries: 4KB 512, 2MB 32, 4MB 32, 1GB 0
[    0.038019] Spectre V1 : Mitigation: usercopy/swapgs barriers and __user pointer sanitization
[    0.040007] Spectre V2 : Mitigation: Full generic retpoline
[    0.041872] Spectre V2 : Spectre v2 / SpectreRSB mitigation: Filling RSB on context switch
[    0.044004] Speculative Store Bypass: Vulnerable
[    0.048077] SRBDS: Unknown: Dependent on hypervisor status
[    0.049814] MDS: Mitigation: Clear CPU buffers
[    0.075995] Freeing SMP alternatives memory: 36K
[    0.189053] smpboot: CPU0: Intel(R) Core(TM) i5-3230M CPU @ 2.60GHz (family: 0x6, model: 0x3a, stepping: 0x9)
[    0.192000] Performance Events: unsupported p6 CPU model 58 no PMU driver, software events only.
[    0.192071] Hierarchical SRCU implementation.
[    0.196403] NMI watchdog: Perf event create on CPU 0 failed with -2
[    0.198384] NMI watchdog: Perf NMI watchdog permanently disabled
[    0.200070] smp: Bringing up secondary CPUs ...
[    0.201795] smp: Brought up 1 node, 1 CPU
[    0.204011] smpboot: Max logical packages: 1
[    0.205910] smpboot: Total of 1 processors activated (5188.23 BogoMIPS)
[    0.208247] devtmpfs: initialized
[    0.209728] x86/mm: Memory block size: 128MB
[    0.212481] evm: security.selinux
[    0.213640] evm: security.SMACK64
[    0.214806] evm: security.SMACK64EXEC
[    0.216005] evm: security.SMACK64TRANSMUTE
[    0.217597] evm: security.SMACK64MMAP
[    0.220011] evm: security.apparmor
[    0.221199] evm: security.ima
[    0.222259] evm: security.capability
[    0.223843] clocksource: jiffies: mask: 0xffffffff max_cycles: 0xffffffff, max_idle_ns: 7645041785100000 ns
[    0.224028] futex hash table entries: 256 (order: 2, 16384 bytes)
[    0.228092] pinctrl core: initialized pinctrl subsystem
[    0.229969] RTC time: 22:57:51, date: 04/22/21
[    0.232241] NET: Registered protocol family 16
[    0.234176] audit: initializing netlink subsys (disabled)
[    0.236340] cpuidle: using governor ladder
[    0.237768] cpuidle: using governor menu
[    0.240013] audit: type=2000 audit(1619132277.863:1): state=initialized audit_enabled=0 res=1
[    0.243578] ACPI: bus type PCI registered
[    0.244019] acpiphp: ACPI Hot Plug PCI Controller Driver version: 0.5
[    0.248046] PCI: Using configuration type 1 for base access
[    0.253514] HugeTLB registered 2.00 MiB page size, pre-allocated 0 pages
[    0.256322] ACPI: Added _OSI(Module Device)
[    0.258136] ACPI: Added _OSI(Processor Device)
[    0.260016] ACPI: Added _OSI(3.0 _SCP Extensions)
[    0.261533] ACPI: Added _OSI(Processor Aggregator Device)
[    0.264033] ACPI: Added _OSI(Linux-Dell-Video)
[    0.265479] ACPI: Added _OSI(Linux-Lenovo-NV-HDMI-Audio)
[    0.267208] ACPI: Added _OSI(Linux-HPI-Hybrid-Graphics)
[    0.268597] ACPI: Executed 1 blocks of module-level executable AML code
[    0.286303] ACPI: Interpreter enabled
[    0.287717] ACPI: (supports S0 S5)
[    0.288009] ACPI: Using IOAPIC for interrupt routing
[    0.290540] PCI: Using host bridge windows from ACPI; if necessary, use "pci=nocrs" and report a bug
[    0.292489] ACPI: Enabled 2 GPEs in block 00 to 07
[    0.316939] ACPI: PCI Root Bridge [PCI0] (domain 0000 [bus 00-ff])
[    0.319101] acpi PNP0A03:00: _OSC: OS supports [ASPM ClockPM Segments MSI]
[    0.322024] acpi PNP0A03:00: _OSC: not requesting OS control; OS requires [ExtendedConfig ASPM ClockPM MSI]
[    0.324028] acpi PNP0A03:00: fail to add MMCONFIG information, can't access extended PCI configuration space under this bridge.
[    0.328955] PCI host bridge to bus 0000:00
[    0.332006] pci_bus 0000:00: root bus resource [io  0x0000-0x0cf7 window]
[    0.334160] pci_bus 0000:00: root bus resource [io  0x0d00-0xffff window]
[    0.336009] pci_bus 0000:00: root bus resource [mem 0x000a0000-0x000bffff window]
[    0.338476] pci_bus 0000:00: root bus resource [mem 0x40000000-0xfdffffff window]
[    0.340006] pci_bus 0000:00: root bus resource [bus 00-ff]
[    0.347413] pci 0000:00:01.1: legacy IDE quirk: reg 0x10: [io  0x01f0-0x01f7]
[    0.348005] pci 0000:00:01.1: legacy IDE quirk: reg 0x14: [io  0x03f6]
[    0.350104] pci 0000:00:01.1: legacy IDE quirk: reg 0x18: [io  0x0170-0x0177]
[    0.352005] pci 0000:00:01.1: legacy IDE quirk: reg 0x1c: [io  0x0376]
[    0.379490] pci 0000:00:07.0: quirk: [io  0x4000-0x403f] claimed by PIIX4 ACPI
[    0.380025] pci 0000:00:07.0: quirk: [io  0x4100-0x410f] claimed by PIIX4 SMB
[    0.404000] ACPI: PCI Interrupt Link [LNKA] (IRQs 5 9 10 *11)
[    0.405157] ACPI: PCI Interrupt Link [LNKB] (IRQs 5 9 *10 11)
[    0.408324] ACPI: PCI Interrupt Link [LNKC] (IRQs 5 *9 10 11)
[    0.410496] ACPI: PCI Interrupt Link [LNKD] (IRQs 5 9 10 *11)
[    0.412970] SCSI subsystem initialized
[    0.414577] pci 0000:00:02.0: vgaarb: setting as boot VGA device
[    0.416000] pci 0000:00:02.0: vgaarb: VGA device added: decodes=io+mem,owns=io+mem,locks=none
[    0.416012] pci 0000:00:02.0: vgaarb: bridge control possible
[    0.420005] vgaarb: loaded
[    0.421064] ACPI: bus type USB registered
[    0.424050] usbcore: registered new interface driver usbfs
[    0.425835] usbcore: registered new interface driver hub
[    0.428019] usbcore: registered new device driver usb
[    0.430290] EDAC MC: Ver: 3.0.0
[    0.432528] PCI: Using ACPI for IRQ routing
[    0.434717] NetLabel: Initializing
[    0.435976] NetLabel:  domain hash size = 128
[    0.436007] NetLabel:  protocols = UNLABELED CIPSOv4 CALIPSO
[    0.437918] NetLabel:  unlabeled traffic allowed by default
[    0.440308] clocksource: Switched to clocksource kvm-clock
[    0.480117] VFS: Disk quotas dquot_6.6.0
[    0.481624] VFS: Dquot-cache hash table entries: 512 (order 0, 4096 bytes)
[    0.484310] AppArmor: AppArmor Filesystem Enabled
[    0.486390] pnp: PnP ACPI init
[    0.490422] pnp: PnP ACPI: found 3 devices
[    0.499384] clocksource: acpi_pm: mask: 0xffffff max_cycles: 0xffffff, max_idle_ns: 2085701024 ns
[    0.503922] NET: Registered protocol family 2
[    0.506389] TCP established hash table entries: 8192 (order: 4, 65536 bytes)
[    0.508728] TCP bind hash table entries: 8192 (order: 5, 131072 bytes)
[    0.511268] TCP: Hash tables configured (established 8192 bind 8192)
[    0.513401] UDP hash table entries: 512 (order: 2, 16384 bytes)
[    0.515269] UDP-Lite hash table entries: 512 (order: 2, 16384 bytes)
[    0.517844] NET: Registered protocol family 1
[    0.519349] pci 0000:00:00.0: Limiting direct PCI/PCI transfers
[    0.522027] pci 0000:00:01.0: Activating ISA DMA hang workarounds
[    0.524249] pci 0000:00:02.0: Video device with shadowed ROM at [mem 0x000c0000-0x000dffff]
[    0.527148] Unpacking initramfs...
[    1.211141] Freeing initrd memory: 19520K
[    1.212830] clocksource: tsc: mask: 0xffffffffffffffff max_cycles: 0x256485898c4, max_idle_ns: 440795246280 ns
[    1.216395] platform rtc_cmos: registered platform RTC device (no PNP device found)
[    1.218866] Scanning for low memory corruption every 60 seconds
[    1.221815] Initialise system trusted keyrings
[    1.223367] Key type blacklist registered
[    1.224859] workingset: timestamp_bits=36 max_order=18 bucket_order=0
[    1.229871] zbud: loaded
[    1.231901] squashfs: version 4.0 (2009/01/31) Phillip Lougher
[    1.234333] fuse init (API version 7.26)
[    1.237532] Key type asymmetric registered
[    1.238966] Asymmetric key parser 'x509' registered
[    1.240794] Block layer SCSI generic (bsg) driver version 0.4 loaded (major 246)
[    1.243252] io scheduler noop registered
[    1.244890] io scheduler deadline registered
[    1.246476] io scheduler cfq registered (default)
[    1.248577] ACPI: AC Adapter [AC] (on-line)
[    1.250338] input: Power Button as /devices/LNXSYSTM:00/LNXPWRBN:00/input/input0
[    1.252426] ACPI: Power Button [PWRF]
[    1.254302] input: Sleep Button as /devices/LNXSYSTM:00/LNXSLPBN:00/input/input1
[    1.256771] ACPI: Sleep Button [SLPF]
[    1.258607] Serial: 8250/16550 driver, 32 ports, IRQ sharing enabled
[    1.282282] 00:02: ttyS0 at I/O 0x3f8 (irq = 4, base_baud = 115200) is a 16550A
[    1.288540] Linux agpgart interface v0.103
[    1.292303] loop: module loaded
[    1.294458] scsi host0: ata_piix
[    1.295747] scsi host1: ata_piix
[    1.297023] ata1: PATA max UDMA/33 cmd 0x1f0 ctl 0x3f6 bmdma 0xd000 irq 14
[    1.299348] ata2: PATA max UDMA/33 cmd 0x170 ctl 0x376 bmdma 0xd008 irq 15
[    1.302347] libphy: Fixed MDIO Bus: probed
[    1.303726] tun: Universal TUN/TAP device driver, 1.6
[    1.305574] PPP generic driver version 2.4.2
[    1.307073] ehci_hcd: USB 2.0 'Enhanced' Host Controller (EHCI) Driver
[    1.309254] ehci-pci: EHCI PCI platform driver
[    1.310808] ehci-platform: EHCI generic platform driver
[    1.312766] ohci_hcd: USB 1.1 'Open' Host Controller (OHCI) Driver
[    1.314726] ohci-pci: OHCI PCI platform driver
[    1.316369] ohci-platform: OHCI generic platform driver
[    1.318151] uhci_hcd: USB Universal Host Controller Interface driver
[    1.320306] i8042: PNP: PS/2 Controller [PNP0303:PS2K,PNP0f03:PS2M] at 0x60,0x64 irq 1,12
[    1.323835] serio: i8042 KBD port at 0x60,0x64 irq 1
[    1.325611] serio: i8042 AUX port at 0x60,0x64 irq 12
[    1.327391] mousedev: PS/2 mouse device common for all mice
[    1.329768] input: AT Translated Set 2 keyboard as /devices/platform/i8042/serio0/input/input2
[    1.333285] rtc_cmos rtc_cmos: rtc core: registered rtc_cmos as rtc0
[    1.335511] rtc_cmos rtc_cmos: alarms up to one day, 114 bytes nvram
[    1.337654] i2c /dev entries driver
[    1.338952] device-mapper: uevent: version 1.0.3
[    1.340606] device-mapper: ioctl: 4.37.0-ioctl (2017-09-20) initialised: dm-devel@redhat.com
[    1.343405] ledtrig-cpu: registered to indicate activity on CPUs
[    1.345925] NET: Registered protocol family 10
[    1.353771] Segment Routing with IPv6
[    1.355099] NET: Registered protocol family 17
[    1.356712] Key type dns_resolver registered
[    1.358432] mce: Using 0 MCE banks
[    1.359727] RAS: Correctable Errors collector initialized.
[    1.362352] sched_clock: Marking stable (1362248020, 0)->(1756153876, -393905856)
[    1.365152] registered taskstats version 1
[    1.366600] Loading compiled-in X.509 certificates
[    1.372192] Loaded X.509 cert 'Build time autogenerated kernel key: 028139f94c642d40642d50ab098c4e7b0aebaa81'
[    1.376543] Loaded X.509 cert 'Canonical Ltd. Live Patch Signing: 14df34d1a87cf37625abec039ef2bf521249b969'
[    1.380686] Loaded X.509 cert 'Canonical Ltd. Kernel Module Signing: 88f752e560a1e0737e31163a466ad7b70a850c19'
[    1.384038] zswap: loaded using pool lzo/zbud
[    1.391278] Key type big_key registered
[    1.392700] Key type trusted registered
[    1.396958] Key type encrypted registered
[    1.398307] AppArmor: AppArmor sha1 policy hashing enabled
[    1.400248] ima: No TPM chip found, activating TPM-bypass! (rc=-19)
[    1.402310] ima: Allocated hash algorithm: sha1
[    1.403859] evm: HMAC attrs: 0x1
[    1.405509]   Magic number: 1:419:1008
[    1.406899] rtc_cmos rtc_cmos: setting system clock to 2021-04-22 22:57:52 UTC (1619132272)
[    1.409707] BIOS EDD facility v0.16 2004-Jun-25, 0 devices found
[    1.411628] EDD information not available.
[    1.503018] Freeing unused kernel image memory: 2444K
[    1.512249] Write protecting the kernel read-only data: 20480k
[    1.515324] Freeing unused kernel image memory: 2008K
[    1.517671] Freeing unused kernel image memory: 1828K
[    1.553342] x86/mm: Checked W+X mappings: passed, no W+X pages found.
[    1.555429] x86/mm: Checking user space page tables
[    1.592612] x86/mm: Checked W+X mappings: passed, no W+X pages found.
Loading, please wait...
starting version 237
[    1.798744] e1000: Intel(R) PRO/1000 Network Driver - version 7.3.21-k8-NAPI
[    1.898341] e1000: Copyright (c) 1999-2006 Intel Corporation.
[    1.912551] Fusion MPT base driver 3.04.20
[    1.914028] Copyright (c) 1999-2008 LSI Corporation
[    1.943379] Fusion MPT SPI Host driver 3.04.20
[    1.996313] mptbase: ioc0: Initiating bringup
[    2.014305] AVX version of gcm_enc/dec engaged.
[    2.016673] AES CTR mode by8 optimization enabled
[    2.092729] ioc0: LSI53C1030 A0: Capabilities={Initiator}
[    2.118582] input: ImExPS/2 Generic Explorer Mouse as /devices/platform/i8042/serio1/input/input4
[    2.347540] scsi host2: ioc0: LSI53C1030 A0, FwRev=00000000h, Ports=1, MaxQ=256, IRQ=20
[    2.517677] scsi 2:0:0:0: Direct-Access     VBOX     HARDDISK         1.0  PQ: 0 ANSI: 5
[    2.520548] scsi target2:0:0: Beginning Domain Validation
[    2.526338] random: fast init done
[    2.527629] random: systemd-udevd: uninitialized urandom read (16 bytes read)
[    2.531224] scsi target2:0:0: Domain Validation skipping write tests
[    2.533446] scsi target2:0:0: Ending Domain Validation
[    2.535182] random: systemd-udevd: uninitialized urandom read (16 bytes read)
[    2.537451] random: systemd-udevd: uninitialized urandom read (16 bytes read)
[    2.539828] scsi target2:0:0: asynchronous
[    2.542179] scsi 2:0:1:0: Direct-Access     VBOX     HARDDISK         1.0  PQ: 0 ANSI: 5
[    2.544776] scsi target2:0:1: Beginning Domain Validation
[    2.550004] scsi target2:0:1: Domain Validation skipping write tests
[    2.552155] scsi target2:0:1: Ending Domain Validation
[    2.554030] scsi target2:0:1: asynchronous
[    2.586361] sd 2:0:0:0: [sda] 83886080 512-byte logical blocks: (42.9 GB/40.0 GiB)
[    2.589330] sd 2:0:0:0: Attached scsi generic sg0 type 0
[    2.591325] sd 2:0:0:0: [sda] Write Protect is off
[    2.599360] sd 2:0:0:0: [sda] Incomplete mode parameter data
[    2.601360] sd 2:0:0:0: [sda] Assuming drive cache: write through
[    2.603351] sd 2:0:1:0: [sdb] 20480 512-byte logical blocks: (10.5 MB/10.0 MiB)
[    2.606030] sd 2:0:1:0: Attached scsi generic sg1 type 0
[    2.613698] sd 2:0:1:0: [sdb] Write Protect is off
[    2.616989] sd 2:0:1:0: [sdb] Incomplete mode parameter data
[    2.619008] sd 2:0:1:0: [sdb] Assuming drive cache: write through
[    2.634874]  sda: sda1
[    2.637958] sd 2:0:0:0: [sda] Attached SCSI disk
[    2.640224] sd 2:0:1:0: [sdb] Attached SCSI disk
[    3.062382] e1000 0000:00:03.0 eth0: (PCI:33MHz:32-bit) 02:f3:7b:02:da:50
[    3.064670] e1000 0000:00:03.0 eth0: Intel(R) PRO/1000 Network Connection
[    3.533602] e1000 0000:00:08.0 eth1: (PCI:33MHz:32-bit) 08:00:27:ef:8d:2a
[    3.535712] e1000 0000:00:08.0 eth1: Intel(R) PRO/1000 Network Connection
[    3.540106] e1000 0000:00:03.0 enp0s3: renamed from eth0
[    3.547291] e1000 0000:00:08.0 enp0s8: renamed from eth1
Begin: Loading essential drivers ... [    5.592078] raid6: sse2x1   gen()  2572 MB/s
[    5.640428] raid6: sse2x1   xor()  1703 MB/s
[    5.688259] raid6: sse2x2   gen()  6076 MB/s
[    5.736112] raid6: sse2x2   xor()  2487 MB/s
[    5.784256] raid6: sse2x4   gen()  6162 MB/s
[    5.832320] raid6: sse2x4   xor()  2709 MB/s
[    5.834319] raid6: using algorithm sse2x4 gen() 6162 MB/s
[    5.836845] raid6: .... xor() 2709 MB/s, rmw enabled
[    5.839015] raid6: using ssse3x2 recovery algorithm
[    5.844852] xor: automatically using best checksumming function   avx       
[    5.851590] async_tx: api initialized (async)
done.
Begin: Running /scripts/init-premount ... done.
Begin: Mounting root file system ... Begin: Running /scripts/local-top ... done.
Begin: Running /scripts/local-premount ... [    5.986351] Btrfs loaded, crc32c=crc32c-intel
Scanning for Btrfs filesystems
done.
Warning: fsck not present, so skipping root file system
[    6.042251] EXT4-fs (sda1): mounted filesystem with ordered data mode. Opts: (null)
done.
Begin: Running /scripts/local-bottom ... done.
Begin: Running /scripts/init-bottom ... done.
[    6.328046] ip_tables: (C) 2000-2006 Netfilter Core Team
[    6.536633] systemd[1]: systemd 237 running in system mode. (+PAM +AUDIT +SELINUX +IMA +APPARMOR +SMACK +SYSVINIT +UTMP +LIBCRYPTSETUP +GCRYPT +GNUTLS +ACL +XZ +LZ4 +SECCOMP +BLKID +ELFUTILS +KMOD -IDN2 +IDN -PCRE2 default-hierarchy=hybrid)
[    6.550029] systemd[1]: Detected virtualization oracle.
[    6.552686] systemd[1]: Detected architecture x86-64.

Welcome to [1mUbuntu 18.04.5 LTS[0m!

[    6.562541] systemd[1]: Set hostname to <ubuntu>.
[    6.570382] systemd[1]: Initializing machine ID from random generator.
[    6.572807] systemd[1]: Installed transient /etc/machine-id file.
[    7.022422] systemd[1]: Started Forward Password Requests to Wall Directory Watch.
[[0;32m  OK  [0m] Started Forward Password Requests to Wall Directory Watch.
[    7.030468] systemd[1]: Created slice System Slice.
[[0;32m  OK  [0m] Created slice System Slice.
[    7.035285] systemd[1]: Listening on /dev/initctl Compatibility Named Pipe.
[[0;32m  OK  [0m] Listening on /dev/initctl Compatibility Named Pipe.
[    7.041764] systemd[1]: Listening on Journal Socket.
[[0;32m  OK  [0m] Listening on Journal Socket.
         Starting Load Kernel Modules...
[[0;32m  OK  [0m] Listening on udev Control Socket.
[[0;32m  OK  [0m] Listening on Device-mapper event daemon FIFOs.
[[0;32m  OK  [0m] Listening on udev Kernel Socket.
[[0;32m  OK  [0m] Listening on fsck to fsckd communication Socket.
[[0;32m  OK  [0m] Reached target User and Group Name Lookups.
         Starting udev Coldplug all Devices...
[    7.088719] Loading iSCSI transport class v2.0-870.
         Mounting Huge Pages File System...
[[0;32m  OK  [0m] Listening on Journal Audit Socket.
[[0;32m  OK  [0m] Created slice system-serial\x2dgetty.slice.
         Starting File System Check on Root Device...
         Starting Uncomplicated firewall...
[[0;32m  OK  [0m] Listening on LVM2 metadata daemon socket.
         Mounting Kernel Debug File System...
[[0;32m  OK  [0m] Listening on LVM2 poll daemon socket.
[[0;32m  OK  [0m] Reached target Swap.
[[0;32m  OK  [0m] Listening on Journal Socket (/dev/log).
[[0;32m  OK  [0m] Listening on Syslog Socket.
[[0;32m  OK  [0m] Set up automount Arbitrary Executab…rmats File System Automount Point.
[    7.189064] iscsi: registered transport (tcp)
         Starting Journal Service...
         Starting Create list of required st…ce nodes for the current kernel...
[[0;32m  OK  [0m] Listening on Network Service Netlink Socket.
[[0;32m  OK  [0m] Reached target System Time Synchronized.
[[0;32m  OK  [0m] Created slice User and Session Slice.
[[0;32m  OK  [0m] Reached target Slices.
         Mounting POSIX Message Queue File System...
         Starting Monitoring of LVM2 mirrors…ng dmeventd or progress polling...
         Starting Set the console keyboard layout...
[[0;32m  OK  [0m] Mounted Huge Pages File System.
[[0;32m  OK  [0m] Started Uncomplicated firewall.
[[0;32m  OK  [0m] Mounted Kernel Debug File System.
[[0;32m  OK  [0m] Started Create list of required sta…vice nodes for the current kernel.
[[0;32m  OK  [0m] Mounted POSIX Message Queue File System.
[[0;32m  OK  [0m] Started File System Check Daemon to report status.
         Starting Create Static Device Nodes in /dev...
[[0;32m  OK  [0m] Started LVM2 metadata daemon.
[[0;32m  OK  [0m] Started Create Static Device Nodes in /dev.
[[0;32m  OK  [0m] Started File System Check on Root Device.
         Starting Remount Root and Kernel File Systems...
[    7.494161] EXT4-fs (sda1): re-mounted. Opts: (null)
[[0;32m  OK  [0m] Started Remount Root and Kernel File Systems.
         Starting udev Kernel Device Manager...
         Starting Load/Save Random Seed...
[[0;32m  OK  [0m] Started Monitoring of LVM2 mirrors,…sing dmeventd or progress polling.
[    7.548838] iscsi: registered transport (iser)
[[0;32m  OK  [0m] Started Load Kernel Modules.
         Starting Apply Kernel Variables...
         Mounting Kernel Configuration File System...
         Mounting FUSE Control File System...
[[0;32m  OK  [0m] Mounted Kernel Configuration File System.
[[0;32m  OK  [0m] Mounted FUSE Control File System.
[[0;32m  OK  [0m] Started Load/Save Random Seed.
[[0;32m  OK  [0m] Started Journal Service.
         Starting Flush Journal to Persistent Storage...
[[0;32m  OK  [0m] Started udev Kernel Device Manager.
[[0;32m  OK  [0m] Started Apply Kernel Variables.
[[0;32m  OK  [0m] Started udev Coldplug all Devices.
[[0;32m  OK  [0m] Started Flush Journal to Persistent Storage.
[[0;32m  OK  [0m] Started Set the console keyboard layout.
[[0;32m  OK  [0m] Started Dispatch Password Requests to Console Directory Watch.
[[0;32m  OK  [0m] Reached target Local Encrypted Volumes.
[[0;32m  OK  [0m] Reached target Local File Systems (Pre).
[[0;32m  OK  [0m] Reached target Local File Systems.
         Starting AppArmor initialization...
         Starting Create Volatile Files and Directories...
         Starting Commit a transient machine-id on disk...
         Starting ebtables ruleset management...
         Starting Set console font and keymap...
         Starting Tell Plymouth To Write Out Runtime Data...
[[0;32m  OK  [0m] Started Tell Plymouth To Write Out Runtime Data.
[[0;32m  OK  [0m] Started Set console font and keymap.
[[0;32m  OK  [0m] Started Commit a transient machine-id on disk.
[[0;32m  OK  [0m] Started Create Volatile Files and Directories.
         Starting Update UTMP about System Boot/Shutdown...
[[0;32m  OK  [0m] Started Update UTMP about System Boot/Shutdown.
[[0;32m  OK  [0m] Started ebtables ruleset management.
[[0;32m  OK  [0m] Found device /dev/ttyS0.
[[0;32m  OK  [0m] Listening on Load/Save RF Kill Switch Status /dev/rfkill Watch.
[[0;32m  OK  [0m] Started AppArmor initialization.
         Starting Load AppArmor profiles managed internally by snapd...
         Starting Initial cloud-init job (pre-networking)...
[[0;32m  OK  [0m] Started Load AppArmor profiles managed internally by snapd.
[   16.062237] cloud-init[566]: Cloud-init v. 21.1-19-gbad84ad4-0ubuntu1~18.04.1 running 'init-local' at Thu, 22 Apr 2021 22:58:06 +0000. Up 15.29 seconds.
[[0;32m  OK  [0m] Started Initial cloud-init job (pre-networking).
[[0;32m  OK  [0m] Reached target Network (Pre).
         Starting Network Service...
[[0;32m  OK  [0m] Started Network Service.
         Starting Network Name Resolution...
         Starting Wait for Network to be Configured...
[[0;32m  OK  [0m] Started Network Name Resolution.
[[0;32m  OK  [0m] Reached target Network.
[[0;32m  OK  [0m] Reached target Host and Network Name Lookups.
[[0;32m  OK  [0m] Started Wait for Network to be Configured.
         Starting Initial cloud-init job (metadata service crawler)...
[   19.624650] cloud-init[640]: Cloud-init v. 21.1-19-gbad84ad4-0ubuntu1~18.04.1 running 'init' at Thu, 22 Apr 2021 22:58:10 +0000. Up 19.01 seconds.
[   19.639006] cloud-init[640]: ci-info: ++++++++++++++++++++++++++++++++++++++Net device info+++++++++++++++++++++++++++++++++++++++
[   19.658626] cloud-init[640]: ci-info: +--------+-------+----------------------------+---------------+--------+-------------------+
[   19.670353] cloud-init[640]: ci-info: | Device |   Up  |          Address           |      Mask     | Scope  |     Hw-Address    |
[   19.688886] cloud-init[640]: ci-info: +--------+-------+----------------------------+---------------+--------+-------------------+
[   19.699182] cloud-init[640]: ci-info: | enp0s3 |  True |         10.0.2.15          | 255.255.255.0 | global | 02:f3:7b:02:da:50 |
[   19.708697] cloud-init[640]: ci-info: | enp0s3 |  True | fe80::f3:7bff:fe02:da50/64 |       .       |  link  | 02:f3:7b:02:da:50 |
[   19.728614] cloud-init[640]: ci-info: | enp0s8 | False |             .              |       .       |   .    | 08:00:27:ef:8d:2a |
[   19.737292] cloud-init[640]: ci-info: |   lo   |  True |         127.0.0.1          |   255.0.0.0   |  host  |         .         |
[   19.745954] cloud-init[640]: ci-info: |   lo   |  True |          ::1/128           |       .       |  host  |         .         |
[   19.756625] cloud-init[640]: ci-info: +--------+-------+----------------------------+---------------+--------+-------------------+
[   19.768641] cloud-init[640]: ci-info: ++++++++++++++++++++++++++++Route IPv4 info+++++++++++++++++++++++++++++
[   19.776791] cloud-init[640]: ci-info: +-------+-------------+----------+-----------------+-----------+-------+
[   19.784664] cloud-init[640]: ci-info: | Route | Destination | Gateway  |     Genmask     | Interface | Flags |
[   19.789334] cloud-init[640]: ci-info: +-------+-------------+----------+-----------------+-----------+-------+
[   19.800036] cloud-init[640]: ci-info: |   0   |   0.0.0.0   | 10.0.2.2 |     0.0.0.0     |   enp0s3  |   UG  |
[   19.804363] cloud-init[640]: ci-info: |   1   |   10.0.2.0  | 0.0.0.0  |  255.255.255.0  |   enp0s3  |   U   |
[   19.812232] cloud-init[640]: ci-info: |   2   |   10.0.2.2  | 0.0.0.0  | 255.255.255.255 |   enp0s3  |   UH  |
[   19.820644] cloud-init[640]: ci-info: +-------+-------------+----------+-----------------+-----------+-------+
[   19.828373] cloud-init[640]: ci-info: +++++++++++++++++++Route IPv6 info+++++++++++++++++++
[   19.836409] cloud-init[640]: ci-info: +-------+-------------+---------+-----------+-------+
[   19.840267] cloud-init[640]: ci-info: | Route | Destination | Gateway | Interface | Flags |
[   19.843696] cloud-init[640]: ci-info: +-------+-------------+---------+-----------+-------+
[   19.847906] cloud-init[640]: ci-info: |   1   |  fe80::/64  |    ::   |   enp0s3  |   U   |
[   19.850472] cloud-init[640]: ci-info: |   3   |    local    |    ::   |   enp0s3  |   U   |
[   19.853734] cloud-init[640]: ci-info: |   4   |   ff00::/8  |    ::   |   enp0s3  |   U   |
[   19.858273] cloud-init[640]: ci-info: +-------+-------------+---------+-----------+-------+
[   21.128397] cloud-init[640]: Generating public/private rsa key pair.
[   21.132528] cloud-init[640]: Your identification has been saved in /etc/ssh/ssh_host_rsa_key.
[   21.140747] cloud-init[640]: Your public key has been saved in /etc/ssh/ssh_host_rsa_key.pub.
[   21.148410] cloud-init[640]: The key fingerprint is:
[   21.150702] cloud-init[640]: SHA256:pZ0nmn8S9uncHQ9NWKhNZAerhV1W4GEsb8yOhwU7J3s root@ubuntu-bionic
[   21.159003] cloud-init[640]: The key's randomart image is:
[   21.165064] cloud-init[640]: +---[RSA 2048]----+
[   21.167530] cloud-init[640]: |             .Bo*|
[   21.173708] cloud-init[640]: |            oB.B |
[   21.181124] cloud-init[640]: |          . .BB .|
[   21.183451] cloud-init[640]: |         + .+*Bo |
[   21.189690] cloud-init[640]: |        S + +@o .|
[   21.191596] cloud-init[640]: |         ooo+ Eo |
[   21.197810] cloud-init[640]: |        o. o +...|
[   21.201693] cloud-init[640]: |         ...+. oo|
[   21.208714] cloud-init[640]: |          .+o . o|
[   21.212592] cloud-init[640]: +----[SHA256]-----+
[   21.220389] cloud-init[640]: Generating public/private dsa key pair.
[   21.223282] cloud-init[640]: Your identification has been saved in /etc/ssh/ssh_host_dsa_key.
[   21.232530] cloud-init[640]: Your public key has been saved in /etc/ssh/ssh_host_dsa_key.pub.
[   21.240370] cloud-init[640]: The key fingerprint is:
[   21.244762] cloud-init[640]: SHA256:YZ2Uj0Kj1pv9Hfa3qxvzMSr2XjrDNyj1Uqn7Z1wXpt0 root@ubuntu-bionic
[   21.257933] cloud-init[640]: The key's randomart image is:
[   21.264664] cloud-init[640]: +---[DSA 1024]----+
[   21.266520] cloud-init[640]: |          ..     |
[   21.272483] cloud-init[640]: |        oo..     |
[   21.312537] cloud-init[640]: |       +o.oo     |
[   21.320304] cloud-init[640]: |      o.o.. .  o |
[   21.322300] cloud-init[640]: |     .  S=    + +|
[   21.328716] cloud-init[640]: |        o .  oo+E|
[   21.330919] cloud-init[640]: |           .o==Bo|
[   21.336900] cloud-init[640]: |           +.BO+O|
[   21.338887] cloud-init[640]: |          . =OX**|
[   21.344874] cloud-init[640]: +----[SHA256]-----+
[   21.348337] cloud-init[640]: Generating public/private ecdsa key pair.
[   21.360829] cloud-init[640]: Your identification has been saved in /etc/ssh/ssh_host_ecdsa_key.
[   21.368825] cloud-init[640]: Your public key has been saved in /etc/ssh/ssh_host_ecdsa_key.pub.
[   21.372202] cloud-init[640]: The key fingerprint is:
[   21.378361] cloud-init[640]: SHA256:6UkN5FFYHV0yYo9upAT9e+q5Wz0i3tnAulehGsfRV40 root@ubuntu-bionic
[   21.384940] cloud-init[640]: The key's randomart image is:
[   21.392427] cloud-init[640]: +---[ECDSA 256]---+
[   21.396522] cloud-init[640]: |        +=o.+oooo|
[   21.403130] cloud-init[640]: |       o.o...+Eoo|
[   21.409846] cloud-init[640]: |        o ..o o .|
[   21.417528] cloud-init[640]: |         = +.. o.|
[   21.419361] cloud-init[640]: |        S o +.o o|
[[0;32m  OK  [0m[   21.424738] cloud-init[640]: |       o . oo+.o |
[   21.426736] cloud-init[640]: |        o  .+*o..|] Started Initial cloud-init job (metadata service crawler).
[[0;32m  OK  [0m] Reached target System Initialization.
         Starting Socket activation for snappy daemon.
[[0;32m  OK  [0m] Started Message of the Day.
[   21.444827] cloud-init[640]: 
[[0;32m  OK  [0m] Listening on Open-iSCSI iscsid Socket.
[[0;32m  OK  [0m] Listening on ACPID Listen Socket.
[[0;32m  OK  [0m] Started Discard unused blocks once a week.
[[0;32m  OK  [0m|          ..=+= .|
[   21.469817] cloud-init[640]: |           =B= . |
[   21.471818] ] Started Daily Cleanup of Temporary Directories.
[[0;32m  OK  [0m] Started Daily apt download activities.
[[0;32m  OK  [0m] Started Daily apt upgrade and clean activities.cloud-init[640]: +----[SHA256]-----+
[   21.485564] cloud-init[640]: Generating public/private ed25519 key pair.
[   21.488013] 
[[0;32m  OK  [0m] Reached target Timers.
[[0;32m  OK  [0m] Started ACPI Events Check.
[[0;32m  OK  [0m] Reached target Paths.
[[0;32m  OK  [0m] Listening on D-Bus System Message Bus Socket.cloud-init[640]: Your identification has been saved in /etc/ssh/ssh_host_ed25519_key.
[   21.507541] cloud-init
         Starting LXD - unix socket.
[[640]: Your public key has been saved in /etc/ssh/ssh_host_ed25519_key.pub.[0;32m  OK  [0m] Listening on UUID daemon activation socket.
[[0;32m  OK  [0m] Reached target Cloud-config availability.
[[0;32m  OK  [0m] Reached target Network is Online.
[   21.527940] 
[[0;32m  OK  [0m] Reached target Remote File Systems (Pre).
[[0;32m  OK  [0m] Reached target Remote File Systems.cloud-init[640]: The key fingerprint is:
[   21.534275] cloud-init[640]: SHA256:x73JLS3DgGaMRqERsN/dEgMf/82f/q9zQao7EOear5c root@ubuntu-bionic
         Starting Availability of block devices...
[[0;32m  OK  [0m] Listening on Socket activation for snappy daemon.
[[0;32m  OK  [0m] Listening on LXD - unix socket.
[   21.549768] cloud-init[640]: The key's randomart image is:
[[0;32m  OK  [0m] Reached target Sockets.
[[0;32m  OK  [0m] Reached target Basic System.

[   21.569868] cloud-init[640]: +--[ED25519 256]--+
[[0;32m  OK  [0m] Started Regular background program processing daemon.[   21.579493] 
cloud-init         Starting LSB: Record successful boot for GRUB...
[640]: |  ..o.o .        |
         Starting Virtualbox guest utils...
         Starting LSB: automatic crash report generation...
         Starting Dispatcher daemon for systemd-networkd...
         Starting System Logging Service...
[   21.680889] [[0;32m  OK  [0m] Started FUSE filesystem for LXC.
         Starting LXD - container startup/shutdown...cloud-init[640]: 
|   . o + o       |
[   21.728488] cloud-init[640]: |  . . . + .      |
[[0;32m  OK  [0m] Started irqbalance daemon.
         Starting Accounts Service...
         Starting Login Service...
[   21.781739] [[0;32m  OK  [0m] Started Deferred execution scheduler.
[[0;32m  OK  [0m] Started D-Bus System Message Bus.
cloud-init[640]: |   . o + B + o . |
[   21.850819] cloud-init[640]: |    . + S O o =  |
[   21.869264] cloud-init[640]: |     . o + = * o.|
[   21.900695] cloud-init[640]: |          + @ o.o|
[   21.919051] cloud-init[640]: |         o E +o .|
[   21.945013] cloud-init[640]: |         .+oo .==|
[   21.956735] cloud-init[640]: +----[SHA256]-----+
         Starting Pollinate to seed the pseudo random number generator...
         Starting Permit User Sessions...
         Starting Snap Daemon...
[[0;32m  OK  [0m] Started System Logging Service.
[[0;32m  OK  [0m] Started Availability of block devices.
[[0;32m  OK  [0m] Started Permit User Sessions.
[[0;32m  OK  [0m] Started Login Service.
[[0;32m  OK  [0m] Started Unattended Upgrades Shutdown.
         Starting Terminate Plymouth Boot Screen...
         Starting Hold until boot process finishes up...
[[0;32m  OK  [0m] Started Terminate Plymouth Boot Screen.
[[0;32m  OK  [0m] Started Hold until boot process finishes up.
[[0;32m  OK  [0m] Started Serial Getty on ttyS0.
         Starting Set console scheme...
[[0;32m  OK  [0m] Started Set console scheme.
[[0;32m  OK  [0m] Created slice system-getty.slice.
[[0;32m  OK  [0m] Started Getty on tty1.
[[0;32m  OK  [0m] Reached target Login Prompts.
         Starting Authorization Manager...
[[0;32m  OK  [0m] Started LSB: automatic crash report generation.
[[0;32m  OK  [0m] Started LXD - container startup/shutdown.
[[0;32m  OK  [0m] Started Authorization Manager.
[[0;32m  OK  [0m] Started Accounts Service.
[[0;32m  OK  [0m] Started LSB: Record successful boot for GRUB.
[[0;32m  OK  [0m] Started Virtualbox guest utils.
[[0;32m  OK  [0m] Started Dispatcher daemon for systemd-networkd.
[[0;32m  OK  [0m] Started Snap Daemon.
         Starting Wait until snapd is fully seeded...
[[0;32m  OK  [0m] Started Pollinate to seed the pseudo random number generator.
         Starting OpenBSD Secure Shell server...
[[0;32m  OK  [0m] Started OpenBSD Secure Shell server.
[[0;32m  OK  [0m] Created slice User Slice of vagrant.
         Starting User Manager for UID 1000...
[[0;32m  OK  [0m] Started Session 1 of user vagrant.
[[0;32m  OK  [0m] Started User Manager for UID 1000.

Ubuntu 18.04.5 LTS ubuntu-bionic ttyS0

ubuntu-bionic login: [   34.689004] cloud-init[1079]: Cloud-init v. 21.1-19-gbad84ad4-0ubuntu1~18.04.1 running 'modules:config' at Thu, 22 Apr 2021 22:58:24 +0000. Up 33.04 seconds.
ci-info: no authorized SSH keys fingerprints found for user ubuntu.
<14>Apr 22 22:58:27 ec2: 
<14>Apr 22 22:58:27 ec2: #############################################################
<14>Apr 22 22:58:27 ec2: -----BEGIN SSH HOST KEY FINGERPRINTS-----
<14>Apr 22 22:58:27 ec2: 1024 SHA256:YZ2Uj0Kj1pv9Hfa3qxvzMSr2XjrDNyj1Uqn7Z1wXpt0 root@ubuntu-bionic (DSA)
<14>Apr 22 22:58:27 ec2: 256 SHA256:6UkN5FFYHV0yYo9upAT9e+q5Wz0i3tnAulehGsfRV40 root@ubuntu-bionic (ECDSA)
<14>Apr 22 22:58:27 ec2: 256 SHA256:x73JLS3DgGaMRqERsN/dEgMf/82f/q9zQao7EOear5c root@ubuntu-bionic (ED25519)
<14>Apr 22 22:58:27 ec2: 2048 SHA256:pZ0nmn8S9uncHQ9NWKhNZAerhV1W4GEsb8yOhwU7J3s root@ubuntu-bionic (RSA)
<14>Apr 22 22:58:27 ec2: -----END SSH HOST KEY FINGERPRINTS-----
<14>Apr 22 22:58:27 ec2: #############################################################
-----BEGIN SSH HOST KEY KEYS-----
ecdsa-sha2-nistp256 AAAAE2VjZHNhLXNoYTItbmlzdHAyNTYAAAAIbmlzdHAyNTYAAABBBIgG3QtJfVG8900YZ1NbAEAwffdMSYzlIT1sClJ4+E2w0/CcqHfrrl52sGhoTQ6mkfjC0GBftGuYfMB0sInfevE= root@ubuntu-bionic
ssh-ed25519 AAAAC3NzaC1lZDI1NTE5AAAAIDbv5+auhpC0qoNqjU5wzdiYvWVSOM3o2XoyDB37Gk82 root@ubuntu-bionic
ssh-rsa AAAAB3NzaC1yc2EAAAADAQABAAABAQCrt5T2K8cOkSCsUyZGcFlOFRHZFJBl+crS82rVKJrizkWFf19L10bw6Xky7wMWGB3QPcRJG5OfHp0lcLKIZaWSjSzXU4AqVHlxrDnSarITz1kA/Idm/Z3Vz0ejUcjt1MupirIXPHAuF6VByms8dvKrdxPHWojGoTTwGTDuD0HHHM6sucf74bcVynmjATuCUpd3PT5lVTsKdWz/HGcCxx1MopcK/IhKDyay1+D5CcVvgPVjh0fCzaQ2i/X5WW2knXYygVdi9zbqfVtqaeFPVEH4UL0lvaBMoN3XyMmKqlHd7F7PBt9rADUOLKcL5RSeL9i86sFBmZxkLknlaPrJFL3d root@ubuntu-bionic
-----END SSH HOST KEY KEYS-----
[   36.772163] cloud-init[1233]: Cloud-init v. 21.1-19-gbad84ad4-0ubuntu1~18.04.1 running 'modules:final' at Thu, 22 Apr 2021 22:58:27 +0000. Up 36.23 seconds.
[   36.780477] cloud-init[1233]: ci-info: no authorized SSH keys fingerprints found for user ubuntu.
[   36.788617] cloud-init[1233]: Cloud-init v. 21.1-19-gbad84ad4-0ubuntu1~18.04.1 finished at Thu, 22 Apr 2021 22:58:27 +0000. Datasource DataSourceNoCloud [seed=/dev/sdb][dsmode=net].  Up 36.75 seconds
[[0;32m  OK  [0m] Stopped Unattended Upgrades Shutdown.
         Stopping Availability of block devices...
         Stopping Session 10 of user vagrant.
[[0;32m  OK  [0m] Stopped target Graphical Interface.
         Stopping Authorization Manager...
[[0;32m  OK  [0m] Closed Load/Save RF Kill Switch Status /dev/rfkill Watch.
[[0;32m  OK  [0m] Stopped target Timers.
[[0;32m  OK  [0m] Stopped Daily Cleanup of Temporary Directories.
         Stopping User Manager for UID 1000...
[[0;32m  OK  [0m] Stopped Discard unused blocks once a week.
         Stopping Accounts Service...
[[0;32m  OK  [0m] Stopped target Host and Network Name Lookups.
[[0;32m  OK  [0m] Stopped Message of the Day.
[[0;32m  OK  [0m] Stopped Daily apt upgrade and clean activities.
[[0;32m  OK  [0m] Stopped Daily apt download activities.
[[0;32m  OK  [0m] Stopped target System Time Synchronized.
[[0;32m  OK  [0m] Stopped target Cloud-init target.
[[0;32m  OK  [0m] Stopped Execute cloud user/final scripts.
[[0;32m  OK  [0m] Stopped Apply the settings specified in cloud-config.
[[0;32m  OK  [0m] Stopped target Cloud-config availability.
[[0;32m  OK  [0m] Stopped target Multi-User System.
[[0;32m  OK  [0m] Stopped Wait until snapd is fully seeded.
         Stopping Virtualbox guest utils...
         Stopping FUSE filesystem for LXC...
         Stopping D-Bus System Message Bus...
         Stopping LXD - container startup/shutdown...
[[0;32m  OK  [0m] Stopped target Login Prompts.
         Stopping Serial Getty on ttyS0...
         Stopping Getty on tty1...
         Stopping LSB: Record successful boot for GRUB...
         Stopping Deferred execution scheduler...
         Stopping Dispatcher daemon for systemd-networkd...
         Stopping System Logging Service...
         Stopping OpenBSD Secure Shell server...
         Stopping Regular background program processing daemon...
         Stopping LSB: automatic crash report generation...
[[0;32m  OK  [0m] Unmounted /var/lib/lxcfs.
[[0;32m  OK  [0m] Stopped Regular background program processing daemon.
[[0;32m  OK  [0m] Stopped Dispatcher daemon for systemd-networkd.
[[0;32m  OK  [0m] Stopped System Logging Service.
[[0;32m  OK  [0m] Stopped Accounts Service.
[[0;32m  OK  [0m] Stopped Deferred execution scheduler.
[[0;32m  OK  [0m] Stopped Serial Getty on ttyS0.
[[0;32m  OK  [0m] Stopped Getty on tty1.
[[0;32m  OK  [0m] Stopped Authorization Manager.
[[0;32m  OK  [0m] Stopped OpenBSD Secure Shell server.
[[0;32m  OK  [0m] Stopped User Manager for UID 1000.
[[0;32m  OK  [0m] Stopped D-Bus System Message Bus.
[[0;32m  OK  [0m] Stopped FUSE filesystem for LXC.
[[0;32m  OK  [0m] Stopped Session 10 of user vagrant.
[[0;32m  OK  [0m] Removed slice User Slice of vagrant.
         Stopping Login Service...
[[0;32m  OK  [0m] Removed slice system-getty.slice.
[[0;32m  OK  [0m] Removed slice system-serial\x2dgetty.slice.
         Stopping Permit User Sessions...
[[0;32m  OK  [0m] Stopped Login Service.
[[0;32m  OK  [0m] Stopped LXD - container startup/shutdown.
[[0;32m  OK  [0m] Stopped Permit User Sessions.
[[0;32m  OK  [0m] Stopped target User and Group Name Lookups.
[[0;32m  OK  [0m] Stopped LSB: Record successful boot for GRUB.
[[0;32m  OK  [0m] Stopped Availability of block devices.
[[0;32m  OK  [0m] Stopped LSB: automatic crash report generation.
[[0;32m  OK  [0m] Stopped target Remote File Systems.
[[0;32m  OK  [0m] Stopped Virtualbox guest utils.
[[0;32m  OK  [0m] Stopped target Basic System.
[[0;32m  OK  [0m] Stopped target Sockets.
[[0;32m  OK  [0m] Closed Open-iSCSI iscsid Socket.
[[0;32m  OK  [0m] Closed LXD - unix socket.
[[0;32m  OK  [0m] Closed D-Bus System Message Bus Socket.
[[0;32m  OK  [0m] Closed ACPID Listen Socket.
[[0;32m  OK  [0m] Closed Syslog Socket.
[[0;32m  OK  [0m] Closed Socket activation for snappy daemon.
[[0;32m  OK  [0m] Closed UUID daemon activation socket.
[[0;32m  OK  [0m] Stopped target Paths.
[[0;32m  OK  [0m] Stopped ACPI Events Check.
[[0;32m  OK  [0m] Stopped target Slices.
[[0;32m  OK  [0m] Removed slice User and Session Slice.
[[0;32m  OK  [0m] Stopped target System Initialization.
[[0;32m  OK  [0m] Stopped target Local Encrypted Volumes.
[[0;32m  OK  [0m] Stopped Dispatch Password Requests to Console Directory Watch.
[[0;32m  OK  [0m] Stopped Forward Password Requests to Wall Directory Watch.
         Stopping Load/Save Random Seed...
         Stopping Update UTMP about System Boot/Shutdown...
[[0;32m  OK  [0m] Stopped Commit a transient machine-id on disk.
[[0;32m  OK  [0m] Stopped target Local File Systems.
         Unmounting /vagrant...
         Unmounting /home/vagrant/comp...
         Unmounting /run/user/1000...
[[0;32m  OK  [0m] Unmounted /run/user/1000.
[[0;32m  OK  [0m] Unmounted /vagrant.
[[0;32m  OK  [0m] Stopped Load/Save Random Seed.
[[0;32m  OK  [0m] Unmounted /home/vagrant/comp.
[[0;32m  OK  [0m] Stopped Update UTMP about System Boot/Shutdown.
[[0;32m  OK  [0m] Stopped target Network is Online.
[[0;32m  OK  [0m] Stopped Initial cloud-init job (metadata service crawler).
[[0;32m  OK  [0m] Stopped target Network.
         Stopping Network Name Resolution...
[[0;32m  OK  [0m] Stopped target Remote File Systems (Pre).
[[0;32m  OK  [0m] Reached target Unmount All Filesystems.
[[0;32m  OK  [0m] Stopped target Swap.
[[0;32m  OK  [0m] Stopped target Local File Systems (Pre).
[[0;32m  OK  [0m] Stopped Create Static Device Nodes in /dev.
         Stopping Monitoring of LVM2 mirrors…ng dmeventd or progress polling...
[[0;32m  OK  [0m] Stopped Network Name Resolution.
         Stopping Network Service...
[[0;32m  OK  [0m] Stopped Network Service.
[[0;32m  OK  [0m] Stopped Apply Kernel Variables.
[[0;32m  OK  [0m] Stopped Load Kernel Modules.
[[0;32m  OK  [0m] Stopped target Network (Pre).
[[0;32m  OK  [0m] Stopped Initial cloud-init job (pre-networking).
[[0;32m  OK  [0m] Stopped Remount Root and Kernel File Systems.
[[0;32m  OK  [0m] Reached target Shutdown.
[[0;32m  OK  [0m] Reached target Final Step.
         Starting Power-Off...
[[0;32m  OK  [0m] Stopped Monitoring of LVM2 mirrors,…sing dmeventd or progress polling.
         Stopping LVM2 metadata daemon...
[[0;32m  OK  [0m] Stopped LVM2 metadata daemon.
[ 3680.008535] reboot: Power down
